<?xml version="1.0" encoding="UTF-8"?>
<!-- Generated by org.testng.reporters.JUnitReportReporter -->
<testsuite hostname="ddc5-d-016KQ8C" failures="0" tests="1" name="com.qa.tests.NewTest" time="8.531" errors="0" timestamp="2022-03-28T23:13:39 IST" skipped="0">
  <testcase classname="com.qa.tests.NewTest" name="testEasy" time="8.531"/>
  <system-out/>
</testsuite> <!-- com.qa.tests.NewTest -->
