<?xml version="1.0" encoding="UTF-8"?>
<!-- Generated by org.testng.reporters.JUnitReportReporter -->
<testsuite hostname="ddc5-d-016KQ8C" failures="0" tests="1" name="Example.NewTest" time="9.515" errors="0" timestamp="28 Mar 2022 07:00:33 GMT">
  <testcase classname="Example.NewTest" name="testEasy" time="9.515"/>
</testsuite> <!-- Example.NewTest -->
