<?xml version="1.0" encoding="UTF-8"?>
<!-- Generated by org.testng.reporters.JUnitReportReporter -->
<testsuite skipped="0" hostname="ddc5-d-016KQ8C" name="com.qa.tests.NewTest" tests="1" failures="0" timestamp="2022-03-28T20:23:11 IST" time="7.985" errors="0">
  <testcase name="testEasy" time="7.985" classname="com.qa.tests.NewTest"/>
  <system-out/>
</testsuite> <!-- com.qa.tests.NewTest -->
